2023/03/16 08:05:02 [notice] 1#1: using the "epoll" event method
2023/03/16 08:05:02 [notice] 1#1: nginx/1.23.3
2023/03/16 08:05:02 [notice] 1#1: built by gcc 10.2.1 20210110 (Debian 10.2.1-6) 
2023/03/16 08:05:02 [notice] 1#1: OS: Linux 5.15.49-linuxkit
2023/03/16 08:05:02 [notice] 1#1: getrlimit(RLIMIT_NOFILE): 1048576:1048576
2023/03/16 08:05:02 [notice] 1#1: start worker processes
2023/03/16 08:05:02 [notice] 1#1: start worker process 19
2023/03/16 08:05:02 [notice] 1#1: start worker process 20
2023/03/16 08:05:02 [notice] 1#1: start worker process 21
2023/03/16 08:05:02 [notice] 1#1: start worker process 22
2023/03/16 08:21:28 [notice] 1#1: signal 3 (SIGQUIT) received, shutting down
2023/03/16 08:21:28 [notice] 21#21: gracefully shutting down
2023/03/16 08:21:28 [notice] 20#20: gracefully shutting down
2023/03/16 08:21:28 [notice] 20#20: exiting
2023/03/16 08:21:28 [notice] 19#19: gracefully shutting down
2023/03/16 08:21:28 [notice] 22#22: gracefully shutting down
2023/03/16 08:21:28 [notice] 22#22: exiting
2023/03/16 08:21:28 [notice] 21#21: exiting
2023/03/16 08:21:28 [notice] 20#20: exit
2023/03/16 08:21:28 [notice] 19#19: exiting
2023/03/16 08:21:28 [notice] 19#19: exit
2023/03/16 08:21:28 [notice] 22#22: exit
2023/03/16 08:21:28 [notice] 21#21: exit
2023/03/16 08:21:28 [notice] 1#1: signal 17 (SIGCHLD) received from 19
2023/03/16 08:21:28 [notice] 1#1: worker process 19 exited with code 0
2023/03/16 08:21:28 [notice] 1#1: signal 29 (SIGIO) received
2023/03/16 08:21:28 [notice] 1#1: signal 17 (SIGCHLD) received from 20
2023/03/16 08:21:28 [notice] 1#1: worker process 20 exited with code 0
2023/03/16 08:21:28 [notice] 1#1: signal 29 (SIGIO) received
2023/03/16 08:21:28 [notice] 1#1: signal 17 (SIGCHLD) received from 22
2023/03/16 08:21:28 [notice] 1#1: worker process 22 exited with code 0
2023/03/16 08:21:28 [notice] 1#1: signal 29 (SIGIO) received
2023/03/16 08:21:28 [notice] 1#1: signal 17 (SIGCHLD) received from 21
2023/03/16 08:21:28 [notice] 1#1: worker process 21 exited with code 0
2023/03/16 08:21:28 [notice] 1#1: exit
2023/03/16 08:29:19 [notice] 1#1: using the "epoll" event method
2023/03/16 08:29:19 [notice] 1#1: nginx/1.23.3
2023/03/16 08:29:19 [notice] 1#1: built by gcc 10.2.1 20210110 (Debian 10.2.1-6) 
2023/03/16 08:29:19 [notice] 1#1: OS: Linux 5.15.49-linuxkit
2023/03/16 08:29:19 [notice] 1#1: getrlimit(RLIMIT_NOFILE): 1048576:1048576
2023/03/16 08:29:19 [notice] 1#1: start worker processes
2023/03/16 08:29:19 [notice] 1#1: start worker process 20
2023/03/16 08:29:19 [notice] 1#1: start worker process 21
2023/03/16 08:29:19 [notice] 1#1: start worker process 22
2023/03/16 08:29:19 [notice] 1#1: start worker process 23
2023/03/16 08:33:03 [notice] 1#1: signal 3 (SIGQUIT) received, shutting down
2023/03/16 08:33:03 [notice] 21#21: gracefully shutting down
2023/03/16 08:33:03 [notice] 20#20: gracefully shutting down
2023/03/16 08:33:03 [notice] 22#22: gracefully shutting down
2023/03/16 08:33:03 [notice] 23#23: gracefully shutting down
2023/03/16 08:33:03 [notice] 21#21: exiting
2023/03/16 08:33:03 [notice] 20#20: exiting
2023/03/16 08:33:03 [notice] 22#22: exiting
2023/03/16 08:33:03 [notice] 23#23: exiting
2023/03/16 08:33:03 [notice] 21#21: exit
2023/03/16 08:33:03 [notice] 20#20: exit
2023/03/16 08:33:03 [notice] 22#22: exit
2023/03/16 08:33:03 [notice] 23#23: exit
2023/03/16 08:33:03 [notice] 1#1: signal 17 (SIGCHLD) received from 21
2023/03/16 08:33:03 [notice] 1#1: worker process 21 exited with code 0
2023/03/16 08:33:03 [notice] 1#1: signal 29 (SIGIO) received
2023/03/16 08:33:03 [notice] 1#1: signal 17 (SIGCHLD) received from 22
2023/03/16 08:33:03 [notice] 1#1: worker process 22 exited with code 0
2023/03/16 08:33:03 [notice] 1#1: worker process 23 exited with code 0
2023/03/16 08:33:03 [notice] 1#1: signal 29 (SIGIO) received
2023/03/16 08:33:03 [notice] 1#1: signal 17 (SIGCHLD) received from 20
2023/03/16 08:33:03 [notice] 1#1: worker process 20 exited with code 0
2023/03/16 08:33:03 [notice] 1#1: exit
2023/03/16 08:33:14 [notice] 1#1: using the "epoll" event method
2023/03/16 08:33:14 [notice] 1#1: nginx/1.23.3
2023/03/16 08:33:14 [notice] 1#1: built by gcc 10.2.1 20210110 (Debian 10.2.1-6) 
2023/03/16 08:33:14 [notice] 1#1: OS: Linux 5.15.49-linuxkit
2023/03/16 08:33:14 [notice] 1#1: getrlimit(RLIMIT_NOFILE): 1048576:1048576
2023/03/16 08:33:14 [notice] 1#1: start worker processes
2023/03/16 08:33:14 [notice] 1#1: start worker process 20
2023/03/16 08:33:14 [notice] 1#1: start worker process 21
2023/03/16 08:33:14 [notice] 1#1: start worker process 22
2023/03/16 08:33:14 [notice] 1#1: start worker process 23
2023/03/16 08:53:04 [notice] 1#1: signal 3 (SIGQUIT) received, shutting down
2023/03/16 08:53:04 [notice] 21#21: gracefully shutting down
2023/03/16 08:53:04 [notice] 20#20: gracefully shutting down
2023/03/16 08:53:04 [notice] 22#22: gracefully shutting down
2023/03/16 08:53:04 [notice] 23#23: gracefully shutting down
2023/03/16 08:53:04 [notice] 21#21: exiting
2023/03/16 08:53:04 [notice] 20#20: exiting
2023/03/16 08:53:04 [notice] 22#22: exiting
2023/03/16 08:53:04 [notice] 23#23: exiting
2023/03/16 08:53:04 [notice] 21#21: exit
2023/03/16 08:53:04 [notice] 20#20: exit
2023/03/16 08:53:04 [notice] 22#22: exit
2023/03/16 08:53:04 [notice] 23#23: exit
2023/03/16 08:53:04 [notice] 1#1: signal 17 (SIGCHLD) received from 21
2023/03/16 08:53:04 [notice] 1#1: worker process 21 exited with code 0
2023/03/16 08:53:04 [notice] 1#1: signal 29 (SIGIO) received
2023/03/16 08:53:04 [notice] 1#1: signal 17 (SIGCHLD) received from 20
2023/03/16 08:53:04 [notice] 1#1: worker process 20 exited with code 0
2023/03/16 08:53:04 [notice] 1#1: signal 29 (SIGIO) received
2023/03/16 08:53:04 [notice] 1#1: signal 17 (SIGCHLD) received from 22
2023/03/16 08:53:04 [notice] 1#1: worker process 22 exited with code 0
2023/03/16 08:53:04 [notice] 1#1: worker process 23 exited with code 0
2023/03/16 08:53:04 [notice] 1#1: exit
2023/03/16 08:53:14 [notice] 1#1: using the "epoll" event method
2023/03/16 08:53:14 [notice] 1#1: nginx/1.23.3
2023/03/16 08:53:14 [notice] 1#1: built by gcc 10.2.1 20210110 (Debian 10.2.1-6) 
2023/03/16 08:53:14 [notice] 1#1: OS: Linux 5.15.49-linuxkit
2023/03/16 08:53:14 [notice] 1#1: getrlimit(RLIMIT_NOFILE): 1048576:1048576
2023/03/16 08:53:14 [notice] 1#1: start worker processes
2023/03/16 08:53:14 [notice] 1#1: start worker process 20
2023/03/16 08:53:14 [notice] 1#1: start worker process 21
2023/03/16 08:53:14 [notice] 1#1: start worker process 22
2023/03/16 08:53:14 [notice] 1#1: start worker process 23
2023/03/16 08:56:00 [notice] 1#1: signal 3 (SIGQUIT) received, shutting down
2023/03/16 08:56:00 [notice] 20#20: gracefully shutting down
2023/03/16 08:56:00 [notice] 20#20: exiting
2023/03/16 08:56:00 [notice] 21#21: gracefully shutting down
2023/03/16 08:56:00 [notice] 23#23: gracefully shutting down
2023/03/16 08:56:00 [notice] 22#22: gracefully shutting down
2023/03/16 08:56:00 [notice] 20#20: exit
2023/03/16 08:56:00 [notice] 21#21: exiting
2023/03/16 08:56:00 [notice] 23#23: exiting
2023/03/16 08:56:00 [notice] 22#22: exiting
2023/03/16 08:56:00 [notice] 21#21: exit
2023/03/16 08:56:00 [notice] 23#23: exit
2023/03/16 08:56:00 [notice] 22#22: exit
2023/03/16 08:56:00 [notice] 1#1: signal 17 (SIGCHLD) received from 20
2023/03/16 08:56:00 [notice] 1#1: worker process 20 exited with code 0
2023/03/16 08:56:00 [notice] 1#1: signal 29 (SIGIO) received
2023/03/16 08:56:00 [notice] 1#1: signal 17 (SIGCHLD) received from 23
2023/03/16 08:56:00 [notice] 1#1: worker process 23 exited with code 0
2023/03/16 08:56:00 [notice] 1#1: signal 29 (SIGIO) received
2023/03/16 08:56:00 [notice] 1#1: signal 17 (SIGCHLD) received from 21
2023/03/16 08:56:00 [notice] 1#1: worker process 21 exited with code 0
2023/03/16 08:56:00 [notice] 1#1: worker process 22 exited with code 0
2023/03/16 08:56:00 [notice] 1#1: exit
2023/03/16 08:56:04 [notice] 1#1: using the "epoll" event method
2023/03/16 08:56:04 [notice] 1#1: nginx/1.23.3
2023/03/16 08:56:04 [notice] 1#1: built by gcc 10.2.1 20210110 (Debian 10.2.1-6) 
2023/03/16 08:56:04 [notice] 1#1: OS: Linux 5.15.49-linuxkit
2023/03/16 08:56:04 [notice] 1#1: getrlimit(RLIMIT_NOFILE): 1048576:1048576
2023/03/16 08:56:04 [notice] 1#1: start worker processes
2023/03/16 08:56:04 [notice] 1#1: start worker process 19
2023/03/16 08:56:04 [notice] 1#1: start worker process 20
2023/03/16 08:56:04 [notice] 1#1: start worker process 21
2023/03/16 08:56:04 [notice] 1#1: start worker process 22
2023/03/16 08:57:10 [notice] 1#1: signal 3 (SIGQUIT) received, shutting down
2023/03/16 08:57:10 [notice] 21#21: gracefully shutting down
2023/03/16 08:57:10 [notice] 20#20: gracefully shutting down
2023/03/16 08:57:10 [notice] 22#22: gracefully shutting down
2023/03/16 08:57:10 [notice] 19#19: gracefully shutting down
2023/03/16 08:57:10 [notice] 21#21: exiting
2023/03/16 08:57:10 [notice] 20#20: exiting
2023/03/16 08:57:10 [notice] 22#22: exiting
2023/03/16 08:57:10 [notice] 19#19: exiting
2023/03/16 08:57:10 [notice] 19#19: exit
2023/03/16 08:57:10 [notice] 21#21: exit
2023/03/16 08:57:10 [notice] 20#20: exit
2023/03/16 08:57:10 [notice] 22#22: exit
2023/03/16 08:57:10 [notice] 1#1: signal 17 (SIGCHLD) received from 19
2023/03/16 08:57:10 [notice] 1#1: worker process 19 exited with code 0
2023/03/16 08:57:10 [notice] 1#1: signal 29 (SIGIO) received
2023/03/16 08:57:10 [notice] 1#1: signal 17 (SIGCHLD) received from 21
2023/03/16 08:57:10 [notice] 1#1: worker process 21 exited with code 0
2023/03/16 08:57:10 [notice] 1#1: signal 29 (SIGIO) received
2023/03/16 08:57:10 [notice] 1#1: signal 17 (SIGCHLD) received from 20
2023/03/16 08:57:10 [notice] 1#1: worker process 20 exited with code 0
2023/03/16 08:57:10 [notice] 1#1: worker process 22 exited with code 0
2023/03/16 08:57:10 [notice] 1#1: exit
2023/03/16 08:57:19 [notice] 1#1: using the "epoll" event method
2023/03/16 08:57:19 [notice] 1#1: nginx/1.23.3
2023/03/16 08:57:19 [notice] 1#1: built by gcc 10.2.1 20210110 (Debian 10.2.1-6) 
2023/03/16 08:57:19 [notice] 1#1: OS: Linux 5.15.49-linuxkit
2023/03/16 08:57:19 [notice] 1#1: getrlimit(RLIMIT_NOFILE): 1048576:1048576
2023/03/16 08:57:19 [notice] 1#1: start worker processes
2023/03/16 08:57:19 [notice] 1#1: start worker process 20
2023/03/16 08:57:19 [notice] 1#1: start worker process 21
2023/03/16 08:57:19 [notice] 1#1: start worker process 22
2023/03/16 08:57:19 [notice] 1#1: start worker process 23
2023/03/16 08:58:26 [error] 20#20: *1 open() "/var/www/hello.dev/favicon.ico" failed (2: No such file or directory), client: 172.23.0.1, server: hello.dev, request: "GET /favicon.ico HTTP/1.1", host: "localhost", referrer: "http://localhost/"
2023/03/16 08:59:23 [notice] 1#1: signal 3 (SIGQUIT) received, shutting down
2023/03/16 08:59:23 [notice] 21#21: gracefully shutting down
2023/03/16 08:59:23 [notice] 21#21: exiting
2023/03/16 08:59:23 [notice] 20#20: gracefully shutting down
2023/03/16 08:59:23 [notice] 20#20: exiting
2023/03/16 08:59:23 [notice] 23#23: gracefully shutting down
2023/03/16 08:59:23 [notice] 22#22: gracefully shutting down
2023/03/16 08:59:23 [notice] 21#21: exit
2023/03/16 08:59:23 [notice] 20#20: exit
2023/03/16 08:59:23 [notice] 23#23: exiting
2023/03/16 08:59:23 [notice] 22#22: exiting
2023/03/16 08:59:23 [notice] 22#22: exit
2023/03/16 08:59:23 [notice] 23#23: exit
2023/03/16 08:59:23 [notice] 1#1: signal 17 (SIGCHLD) received from 21
2023/03/16 08:59:23 [notice] 1#1: worker process 21 exited with code 0
2023/03/16 08:59:23 [notice] 1#1: signal 29 (SIGIO) received
2023/03/16 08:59:23 [notice] 1#1: signal 17 (SIGCHLD) received from 20
2023/03/16 08:59:23 [notice] 1#1: worker process 20 exited with code 0
2023/03/16 08:59:23 [notice] 1#1: worker process 22 exited with code 0
2023/03/16 08:59:23 [notice] 1#1: worker process 23 exited with code 0
2023/03/16 08:59:23 [notice] 1#1: exit
2023/03/16 09:01:38 [notice] 1#1: using the "epoll" event method
2023/03/16 09:01:38 [notice] 1#1: nginx/1.23.3
2023/03/16 09:01:38 [notice] 1#1: built by gcc 10.2.1 20210110 (Debian 10.2.1-6) 
2023/03/16 09:01:38 [notice] 1#1: OS: Linux 5.15.49-linuxkit
2023/03/16 09:01:38 [notice] 1#1: getrlimit(RLIMIT_NOFILE): 1048576:1048576
2023/03/16 09:01:38 [notice] 1#1: start worker processes
2023/03/16 09:01:38 [notice] 1#1: start worker process 20
2023/03/16 09:01:38 [notice] 1#1: start worker process 21
2023/03/16 09:01:38 [notice] 1#1: start worker process 22
2023/03/16 09:01:38 [notice] 1#1: start worker process 23
2023/03/16 09:05:35 [notice] 1#1: signal 3 (SIGQUIT) received, shutting down
2023/03/16 09:05:35 [notice] 21#21: gracefully shutting down
2023/03/16 09:05:35 [notice] 20#20: gracefully shutting down
2023/03/16 09:05:35 [notice] 22#22: gracefully shutting down
2023/03/16 09:05:35 [notice] 23#23: gracefully shutting down
2023/03/16 09:05:35 [notice] 23#23: exiting
2023/03/16 09:05:35 [notice] 21#21: exiting
2023/03/16 09:05:35 [notice] 20#20: exiting
2023/03/16 09:05:35 [notice] 20#20: exit
2023/03/16 09:05:35 [notice] 22#22: exiting
2023/03/16 09:05:35 [notice] 23#23: exit
2023/03/16 09:05:35 [notice] 21#21: exit
2023/03/16 09:05:35 [notice] 22#22: exit
2023/03/16 09:05:35 [notice] 1#1: signal 17 (SIGCHLD) received from 23
2023/03/16 09:05:35 [notice] 1#1: worker process 23 exited with code 0
2023/03/16 09:05:35 [notice] 1#1: signal 29 (SIGIO) received
2023/03/16 09:05:35 [notice] 1#1: signal 17 (SIGCHLD) received from 21
2023/03/16 09:05:35 [notice] 1#1: worker process 21 exited with code 0
2023/03/16 09:05:35 [notice] 1#1: signal 29 (SIGIO) received
2023/03/16 09:05:35 [notice] 1#1: signal 17 (SIGCHLD) received from 22
2023/03/16 09:05:35 [notice] 1#1: worker process 22 exited with code 0
2023/03/16 09:05:35 [notice] 1#1: worker process 20 exited with code 0
2023/03/16 09:05:35 [notice] 1#1: exit
